<?xml version="1.0" encoding="UTF-8"?>
<!-- Generated by org.testng.reporters.JUnitXMLReporter -->
<testsuite ignored="0" hostname="DESKTOP-RQMQD1V" failures="0" tests="4" name="Test" time="40.11" errors="0" timestamp="2023-07-31T16:24:40 IST">
  <testcase classname="com.crm.vtiger.organaisationTest.VerifyuserCreateOrganaisationTest" name="create" time="4.955"/>
  <testcase classname="com.crm.vtiger.organaisationTest.VerifyuserCreateOrganaisationTest" name="create" time="4.246"/>
  <testcase classname="com.crm.vtiger.organaisationTest.VerifyuserCreateOrganaisationTest" name="create" time="3.652"/>
  <testcase classname="com.crm.vtiger.organaisationTest.VerifyuserCreateOrganaisationTest" name="create" time="3.643"/>
</testsuite> <!-- Test -->
