<?xml version="1.0" encoding="UTF-8"?>
<!-- Generated by org.testng.reporters.JUnitXMLReporter -->
<testsuite ignored="0" hostname="DESKTOP-RQMQD1V" failures="0" tests="2" name="Default test" time="15.777" errors="0" timestamp="2023-08-02T15:13:08 IST">
  <testcase classname="com.crm.vtiger.contactsTest.VerifyuserCreateContactsTest" name="contactTest" time="4.491"/>
  <testcase classname="com.crm.vtiger.contactsTest.VerifyuserCreateContactsTest" name="demo" time="0.001"/>
</testsuite> <!-- Default test -->
